<?xml version="1.0" encoding="UTF-8"?>
<testng-results ignored="0" total="2" passed="2" failed="0" skipped="0">
  <reporter-output>
  </reporter-output>
  <suite started-at="2019-01-23T11:32:07Z" name="Default suite" finished-at="2019-01-23T11:32:51Z" duration-ms="43951">
    <groups>
    </groups>
    <test started-at="2019-01-23T11:32:07Z" name="Default test" finished-at="2019-01-23T11:32:51Z" duration-ms="43951">
      <class name="Academy.HomePage">
        <test-method is-config="true" signature="initialize()[pri:0, instance:Academy.HomePage@5b64c4b7]" started-at="2019-01-23T11:32:07Z" name="initialize" finished-at="2019-01-23T11:32:17Z" duration-ms="9889" status="PASS">
          <reporter-output>
          </reporter-output>
        </test-method> <!-- initialize -->
        <test-method signature="basePageNavigation(java.lang.String, java.lang.String, java.lang.String)[pri:0, instance:Academy.HomePage@5b64c4b7]" started-at="2019-01-23T11:32:17Z" name="basePageNavigation" data-provider="getData" finished-at="2019-01-23T11:32:41Z" duration-ms="24082" status="PASS">
          <params>
            <param index="0">
              <value>
                <![CDATA[nonrestricteduser@qw.com]]>
              </value>
            </param>
            <param index="1">
              <value>
                <![CDATA[123456]]>
              </value>
            </param>
            <param index="2">
              <value>
                <![CDATA[Restrcited User]]>
              </value>
            </param>
          </params>
          <reporter-output>
          </reporter-output>
        </test-method> <!-- basePageNavigation -->
        <test-method signature="basePageNavigation(java.lang.String, java.lang.String, java.lang.String)[pri:0, instance:Academy.HomePage@5b64c4b7]" started-at="2019-01-23T11:32:41Z" name="basePageNavigation" data-provider="getData" finished-at="2019-01-23T11:32:50Z" duration-ms="9720" status="PASS">
          <params>
            <param index="0">
              <value>
                <![CDATA[restricteduser@qw.com]]>
              </value>
            </param>
            <param index="1">
              <value>
                <![CDATA[456788]]>
              </value>
            </param>
            <param index="2">
              <value>
                <![CDATA[Non restricted user]]>
              </value>
            </param>
          </params>
          <reporter-output>
          </reporter-output>
        </test-method> <!-- basePageNavigation -->
        <test-method is-config="true" signature="teardown()[pri:0, instance:Academy.HomePage@5b64c4b7]" started-at="2019-01-23T11:32:50Z" name="teardown" finished-at="2019-01-23T11:32:51Z" duration-ms="175" status="PASS">
          <reporter-output>
          </reporter-output>
        </test-method> <!-- teardown -->
      </class> <!-- Academy.HomePage -->
    </test> <!-- Default test -->
  </suite> <!-- Default suite -->
</testng-results>
